<?xml version="1.0" encoding="UTF-8"?>
<Site BuildName="(empty)"
	BuildStamp="20240927-0021-Experimental"
	Name="fahimhp-ubuntu"
	Generator="ctest-3.16.3"
	CompilerName="/usr/bin/c++"
	CompilerVersion="9.4.0"
	OSName="Linux"
	Hostname="fahimhp-ubuntu"
	OSRelease="5.15.0-121-generic"
	OSVersion="#131~20.04.1-Ubuntu SMP Mon Aug 12 13:09:56 UTC 2024"
	OSPlatform="x86_64"
	Is64Bits="1"
	VendorString="GenuineIntel"
	VendorID="Intel Corporation"
	FamilyID="6"
	ModelID="142"
	ProcessorCacheSize="8192"
	NumberOfLogicalCPU="8"
	NumberOfPhysicalCPU="4"
	TotalVirtualMemory="4768"
	TotalPhysicalMemory="15870"
	LogicalProcessorsPerPhysical="2"
	ProcessorClockFrequency="2000"
	>
	<Testing>
		<StartDateTime>Sep 26 20:21 EDT</StartDateTime>
		<StartTestTime>1727396483</StartTestTime>
		<TestList/>
		<EndDateTime>Sep 26 20:21 EDT</EndDateTime>
		<EndTestTime>1727396483</EndTestTime>
		<ElapsedMinutes>0</ElapsedMinutes>
	</Testing>
</Site>
